<?xml version="1.0" encoding="UTF-8"?>
<!-- Generated by org.testng.reporters.JUnitReportReporter -->
<testsuite hostname="USQROSUBKHAN" failures="0" tests="1" name="techyBong.appium.AppiumTestLongPress" time="12.572" errors="0" timestamp="2024-08-28T09:51:18 CST" skipped="0">
  <testcase classname="techyBong.appium.AppiumTestLongPress" name="longPress" time="12.572"/>
</testsuite> <!-- techyBong.appium.AppiumTestLongPress -->
