<?xml version="1.0" encoding="UTF-8"?>
<!-- Generated by org.testng.reporters.JUnitReportReporter -->
<testsuite hostname="USQROSUBKHAN" failures="0" tests="1" name="techyBong.appium.AppiumTestNavigateUsingActivityPackage" time="10.325" errors="0" timestamp="2024-08-29T15:27:18 CST" skipped="0">
  <testcase classname="techyBong.appium.AppiumTestNavigateUsingActivityPackage" name="pressKeyDemo" time="10.325"/>
</testsuite> <!-- techyBong.appium.AppiumTestNavigateUsingActivityPackage -->
