<?xml version="1.0" encoding="UTF-8"?>
<!-- Generated by org.testng.reporters.JUnitReportReporter -->
<testsuite hostname="USQROSUBKHAN" failures="0" tests="1" name="techyBong.appium.AppiumTestScrollDemo" time="6.177" errors="0" timestamp="2024-08-28T10:46:07 CST" skipped="0">
  <testcase classname="techyBong.appium.AppiumTestScrollDemo" name="longPress" time="6.177"/>
</testsuite> <!-- techyBong.appium.AppiumTestScrollDemo -->
