<?xml version="1.0" encoding="UTF-8"?>
<!-- Generated by org.testng.reporters.JUnitReportReporter -->
<testsuite hostname="USQROSUBKHAN" failures="0" tests="1" name="techyBong.appium.AppiumBasic" time="31.712" errors="0" timestamp="2024-08-27T13:54:07 CST" skipped="0">
  <testcase classname="techyBong.appium.AppiumBasic" name="appiumTest" time="31.712"/>
</testsuite> <!-- techyBong.appium.AppiumBasic -->
