<?xml version="1.0" encoding="UTF-8"?>
<!-- Generated by org.testng.reporters.JUnitReportReporter -->
<testsuite hostname="USQROSUBKHAN" failures="0" tests="1" name="techyBong.appium.AppiumTestOrientation" time="12.875" errors="0" timestamp="2024-08-28T14:38:38 CST" skipped="0">
  <testcase classname="techyBong.appium.AppiumTestOrientation" name="wifiSettingsNameLandscape" time="12.875"/>
</testsuite> <!-- techyBong.appium.AppiumTestOrientation -->
