<?xml version="1.0" encoding="UTF-8"?>
<!-- Generated by org.testng.reporters.JUnitReportReporter -->
<testsuite hostname="USQROSUBKHAN" failures="0" tests="1" name="techyBong.appium.AppiumTestSwipeDemo" time="10.653" errors="0" timestamp="2024-08-28T13:11:57 CST" skipped="0">
  <testcase classname="techyBong.appium.AppiumTestSwipeDemo" name="swipeDemo" time="10.653"/>
</testsuite> <!-- techyBong.appium.AppiumTestSwipeDemo -->
