<?xml version="1.0" encoding="UTF-8"?>
<!-- Generated by org.testng.reporters.JUnitReportReporter -->
<testsuite hostname="USQROSUBKHAN" failures="0" tests="1" name="techyBong.appium.AppiumTestMobileKeys" time="12.577" errors="0" timestamp="2024-08-28T14:12:52 CST" skipped="0">
  <testcase classname="techyBong.appium.AppiumTestMobileKeys" name="pressKeyDemo" time="12.577"/>
</testsuite> <!-- techyBong.appium.AppiumTestMobileKeys -->
