<?xml version="1.0" encoding="UTF-8"?>
<!-- Generated by org.testng.reporters.JUnitReportReporter -->
<testsuite hostname="USQROSUBKHAN" failures="0" tests="1" name="techyBong.appium.AppiumTestDragDropGesture" time="7.761" errors="0" timestamp="2024-08-28T13:30:21 CST" skipped="0">
  <testcase classname="techyBong.appium.AppiumTestDragDropGesture" name="dragDropGesture" time="7.761"/>
</testsuite> <!-- techyBong.appium.AppiumTestDragDropGesture -->
